<?xml version="1.0" encoding="UTF-8"?>
<!-- Generated by org.testng.reporters.JUnitReportReporter -->
<testsuite hostname="Yamini" failures="0" tests="1" name="testCases.TC002_AccountLoginTest" time="1.137" errors="0" timestamp="2025-08-09T10:34:59 IST" skipped="0">
  <testcase classname="testCases.TC002_AccountLoginTest" name="verify_login" time="1.137"/>
</testsuite> <!-- testCases.TC002_AccountLoginTest -->
