<?xml version="1.0" encoding="UTF-8"?>
<!-- Generated by org.testng.reporters.JUnitReportReporter -->
<testsuite hostname="Yamini" failures="0" tests="1" name="testCases.TC002_AccountLoginTest" time="0.820" errors="0" timestamp="2025-08-09T13:42:00 IST" skipped="0">
  <testcase classname="testCases.TC002_AccountLoginTest" name="verify_login" time="0.820"/>
</testsuite> <!-- testCases.TC002_AccountLoginTest -->
