<?xml version="1.0" encoding="UTF-8"?>
<!-- Generated by org.testng.reporters.JUnitReportReporter -->
<testsuite hostname="Yamini" failures="0" tests="1" name="testCases.TC006_MyAccountTest" time="8.441" errors="0" timestamp="2025-08-09T10:34:59 IST" skipped="0">
  <testcase classname="testCases.TC006_MyAccountTest" name="verify_Links" time="8.441"/>
</testsuite> <!-- testCases.TC006_MyAccountTest -->
