<?xml version="1.0" encoding="UTF-8"?>
<!-- Generated by org.testng.reporters.JUnitReportReporter -->
<testsuite hostname="Yamini" failures="0" tests="1" name="testCases.TC001_AccountRegistrationTest" time="1.987" errors="0" timestamp="2025-07-27T15:02:30 IST" skipped="0">
  <testcase classname="testCases.TC001_AccountRegistrationTest" name="verify_account_registration" time="1.987"/>
</testsuite> <!-- testCases.TC001_AccountRegistrationTest -->
