<?xml version="1.0" encoding="UTF-8"?>
<!-- Generated by org.testng.reporters.JUnitReportReporter -->
<testsuite hostname="Yamini" failures="0" tests="1" name="testCases.TC005_Add2CartTest" time="4.880" errors="0" timestamp="2025-08-09T10:34:59 IST" skipped="0">
  <testcase classname="testCases.TC005_Add2CartTest" name="verifycart" time="4.880"/>
</testsuite> <!-- testCases.TC005_Add2CartTest -->
