<?xml version="1.0" encoding="UTF-8"?>
<!-- Generated by org.testng.reporters.JUnitReportReporter -->
<testsuite hostname="Yamini" failures="0" tests="1" name="testCases.TC004_AccountSearchTest" time="3.294" errors="0" timestamp="2025-08-09T10:34:59 IST" skipped="0">
  <testcase classname="testCases.TC004_AccountSearchTest" name="verify_search" time="3.294"/>
</testsuite> <!-- testCases.TC004_AccountSearchTest -->
