<?xml version="1.0" encoding="UTF-8"?>
<!-- Generated by org.testng.reporters.JUnitReportReporter -->
<testsuite hostname="Yamini" failures="0" tests="1" name="testCases.TC002_AccountLoginTest" time="0.955" errors="0" timestamp="2025-08-02T16:40:23 IST" skipped="0">
  <testcase classname="testCases.TC002_AccountLoginTest" name="verify_login" time="0.955"/>
</testsuite> <!-- testCases.TC002_AccountLoginTest -->
