<?xml version="1.0" encoding="UTF-8"?>
<!-- Generated by org.testng.reporters.JUnitReportReporter -->
<testsuite hostname="Yamini" failures="0" tests="1" name="testCases.TC003_AccountLogoutTest" time="2.289" errors="0" timestamp="2025-08-02T19:52:07 IST" skipped="0">
  <testcase classname="testCases.TC003_AccountLogoutTest" name="verify_logout" time="2.289"/>
</testsuite> <!-- testCases.TC003_AccountLogoutTest -->
