<?xml version="1.0" encoding="UTF-8"?>
<!-- Generated by org.testng.reporters.JUnitReportReporter -->
<testsuite hostname="Yamini" failures="0" tests="1" name="testCases.TC004_AccountSearchTest" time="8.136" errors="0" timestamp="2025-08-02T22:20:05 IST" skipped="0">
  <testcase classname="testCases.TC004_AccountSearchTest" name="verify_search" time="8.136"/>
</testsuite> <!-- testCases.TC004_AccountSearchTest -->
