<?xml version="1.0" encoding="UTF-8"?>
<!-- Generated by org.testng.reporters.JUnitReportReporter -->
<testsuite hostname="Yamini" failures="0" tests="1" name="testCases.TC006_MyAccountTest" time="8.738" errors="0" timestamp="2025-08-06T20:14:17 IST" skipped="0">
  <testcase classname="testCases.TC006_MyAccountTest" name="verify_Links" time="8.738"/>
</testsuite> <!-- testCases.TC006_MyAccountTest -->
